TN:
SF:/Users/maheshtalada/propshub_UI/shared/config.js
FNF:0
FNH:0
DA:8,2
DA:9,2
DA:11,2
DA:12,0
DA:15,2
DA:16,2
DA:17,0
DA:19,2
DA:20,2
LF:9
LH:7
BRDA:9,0,0,2
BRDA:9,0,1,2
BRDA:9,0,2,0
BRDA:11,1,0,0
BRDA:11,1,1,2
BRF:5
BRH:3
end_of_record
TN:
SF:/Users/maheshtalada/propshub_UI/shared/components/client-header/client-header.js
FN:19,(anonymous_0)
FNF:1
FNH:0
FNDA:0,(anonymous_0)
DA:21,0
LF:1
LH:0
BRF:0
BRH:0
end_of_record
TN:
SF:/Users/maheshtalada/propshub_UI/shared/components/common/logo/logo.js
FN:31,(anonymous_0)
FNF:1
FNH:0
FNDA:0,(anonymous_0)
DA:32,0
DA:33,0
DA:34,0
LF:3
LH:0
BRF:0
BRH:0
end_of_record
TN:
SF:/Users/maheshtalada/propshub_UI/shared/components/common/title/title.js
FN:16,(anonymous_0)
FNF:1
FNH:1
FNDA:1,(anonymous_0)
DA:17,1
DA:18,1
LF:2
LH:2
BRF:0
BRH:0
end_of_record
TN:
SF:/Users/maheshtalada/propshub_UI/shared/utils/app-constants.js
FN:85,(anonymous_0)
FNF:1
FNH:1
FNDA:20,(anonymous_0)
DA:1,2
DA:86,20
DA:87,20
LF:3
LH:3
BRF:0
BRH:0
end_of_record
TN:
SF:/Users/maheshtalada/propshub_UI/tests/unit/setup/setupEnzyme.js
FNF:0
FNH:0
DA:4,3
LF:1
LH:1
BRF:0
BRH:0
end_of_record
